mode: set
github.com/cuctemeh/rstream-consumer/main.go:10.13,12.16 2 0
github.com/cuctemeh/rstream-consumer/main.go:12.16,14.3 1 0
github.com/cuctemeh/rstream-consumer/main.go:16.2,17.12 2 0
github.com/cuctemeh/rstream-consumer/main.go:10.13,12.16 2 0
github.com/cuctemeh/rstream-consumer/main.go:12.16,14.3 1 0
github.com/cuctemeh/rstream-consumer/main.go:16.2,17.12 2 0
github.com/cuctemeh/rstream-consumer/internal/consumer/consumer.go:32.13,41.2 1 0
github.com/cuctemeh/rstream-consumer/internal/consumer/consumer.go:43.51,47.31 3 0
github.com/cuctemeh/rstream-consumer/internal/consumer/consumer.go:47.31,48.7 1 0
github.com/cuctemeh/rstream-consumer/internal/consumer/consumer.go:48.7,50.25 2 0
github.com/cuctemeh/rstream-consumer/internal/consumer/consumer.go:50.25,53.5 2 0
github.com/cuctemeh/rstream-consumer/internal/consumer/consumer.go:54.4,54.16 1 0
github.com/cuctemeh/rstream-consumer/internal/consumer/consumer.go:58.2,58.6 1 0
github.com/cuctemeh/rstream-consumer/internal/consumer/consumer.go:58.6,59.10 1 0
github.com/cuctemeh/rstream-consumer/internal/consumer/consumer.go:60.21,62.58 2 0
github.com/cuctemeh/rstream-consumer/internal/consumer/consumer.go:63.26,65.62 2 0
github.com/cuctemeh/rstream-consumer/internal/consumer/consumer.go:66.23,68.21 2 0
github.com/cuctemeh/rstream-consumer/internal/consumer/consumer.go:68.21,70.5 1 0
github.com/cuctemeh/rstream-consumer/internal/consumer/consumer.go:75.93,78.16 3 0
github.com/cuctemeh/rstream-consumer/internal/consumer/consumer.go:78.16,80.3 1 0
github.com/cuctemeh/rstream-consumer/internal/consumer/consumer.go:82.2,86.16 3 0
github.com/cuctemeh/rstream-consumer/internal/consumer/consumer.go:86.16,88.3 1 0
github.com/cuctemeh/rstream-consumer/internal/consumer/consumer.go:89.2,89.14 1 0
github.com/cuctemeh/rstream-consumer/internal/consumer/consumer.go:89.14,92.3 1 0
github.com/cuctemeh/rstream-consumer/internal/consumer/consumer.go:95.2,96.16 2 0
github.com/cuctemeh/rstream-consumer/internal/consumer/consumer.go:96.16,98.3 1 0
github.com/cuctemeh/rstream-consumer/internal/consumer/consumer.go:101.2,101.52 1 0
github.com/cuctemeh/rstream-consumer/internal/consumer/consumer.go:101.52,103.21 2 0
github.com/cuctemeh/rstream-consumer/internal/consumer/consumer.go:103.21,110.4 1 0
github.com/cuctemeh/rstream-consumer/internal/consumer/consumer.go:114.2,132.16 6 0
github.com/cuctemeh/rstream-consumer/internal/consumer/consumer.go:132.16,134.3 1 0
github.com/cuctemeh/rstream-consumer/internal/consumer/consumer.go:136.2,141.12 2 0
github.com/cuctemeh/rstream-consumer/internal/monitor/monitor.go:25.12,33.2 1 0
github.com/cuctemeh/rstream-consumer/internal/monitor/monitor.go:35.50,39.6 3 0
github.com/cuctemeh/rstream-consumer/internal/monitor/monitor.go:39.6,40.10 1 0
github.com/cuctemeh/rstream-consumer/internal/monitor/monitor.go:41.21,42.20 1 0
github.com/cuctemeh/rstream-consumer/internal/monitor/monitor.go:43.19,45.18 2 0
github.com/cuctemeh/rstream-consumer/internal/monitor/monitor.go:45.18,47.5 1 0
github.com/cuctemeh/rstream-consumer/internal/monitor/monitor.go:48.4,57.5 3 0
github.com/cuctemeh/rstream-consumer/internal/task/runner.go:22.30,29.2 2 1
github.com/cuctemeh/rstream-consumer/internal/task/runner.go:35.64,36.24 1 1
github.com/cuctemeh/rstream-consumer/internal/task/runner.go:36.24,38.3 1 0
github.com/cuctemeh/rstream-consumer/internal/task/runner.go:40.2,40.27 1 1
github.com/cuctemeh/rstream-consumer/internal/task/runner.go:40.27,42.47 2 1
github.com/cuctemeh/rstream-consumer/internal/task/runner.go:42.47,46.18 3 1
github.com/cuctemeh/rstream-consumer/internal/task/runner.go:46.18,48.5 1 1
github.com/cuctemeh/rstream-consumer/internal/task/runner.go:54.50,55.27 1 1
github.com/cuctemeh/rstream-consumer/internal/task/runner.go:55.27,59.13 3 1
github.com/cuctemeh/rstream-consumer/internal/task/runner.go:59.13,60.11 1 1
github.com/cuctemeh/rstream-consumer/internal/task/runner.go:61.24,61.24 0 1
github.com/cuctemeh/rstream-consumer/internal/task/runner.go:62.18,62.18 0 0
github.com/cuctemeh/rstream-consumer/internal/task/runner.go:63.22,64.33 1 0
github.com/cuctemeh/rstream-consumer/internal/task/runner.go:69.2,72.16 3 1
github.com/cuctemeh/rstream-consumer/internal/task/runner.go:72.16,74.3 1 1
github.com/cuctemeh/rstream-consumer/internal/task/runner.go:76.2,76.12 1 0
github.com/cuctemeh/rstream-consumer/internal/task/runner.go:79.45,82.13 2 1
github.com/cuctemeh/rstream-consumer/internal/task/runner.go:82.13,84.3 1 1
github.com/cuctemeh/rstream-consumer/internal/task/runner.go:88.27,90.2 1 0
github.com/cuctemeh/rstream-consumer/main.go:10.13,12.16 2 0
github.com/cuctemeh/rstream-consumer/main.go:12.16,14.3 1 0
github.com/cuctemeh/rstream-consumer/main.go:16.2,17.12 2 0
github.com/cuctemeh/rstream-consumer/internal/consumer/consumer.go:32.13,41.2 1 1
github.com/cuctemeh/rstream-consumer/internal/consumer/consumer.go:43.51,47.31 3 1
github.com/cuctemeh/rstream-consumer/internal/consumer/consumer.go:47.31,48.7 1 1
github.com/cuctemeh/rstream-consumer/internal/consumer/consumer.go:48.7,50.25 2 1
github.com/cuctemeh/rstream-consumer/internal/consumer/consumer.go:50.25,53.5 2 0
github.com/cuctemeh/rstream-consumer/internal/consumer/consumer.go:54.4,54.16 1 1
github.com/cuctemeh/rstream-consumer/internal/consumer/consumer.go:58.2,58.6 1 1
github.com/cuctemeh/rstream-consumer/internal/consumer/consumer.go:58.6,59.10 1 1
github.com/cuctemeh/rstream-consumer/internal/consumer/consumer.go:60.21,62.58 2 1
github.com/cuctemeh/rstream-consumer/internal/consumer/consumer.go:63.26,65.62 2 0
github.com/cuctemeh/rstream-consumer/internal/consumer/consumer.go:66.23,68.21 2 1
github.com/cuctemeh/rstream-consumer/internal/consumer/consumer.go:68.21,70.5 1 0
github.com/cuctemeh/rstream-consumer/internal/consumer/consumer.go:75.93,78.16 3 1
github.com/cuctemeh/rstream-consumer/internal/consumer/consumer.go:78.16,80.3 1 0
github.com/cuctemeh/rstream-consumer/internal/consumer/consumer.go:82.2,86.16 3 1
github.com/cuctemeh/rstream-consumer/internal/consumer/consumer.go:86.16,88.3 1 0
github.com/cuctemeh/rstream-consumer/internal/consumer/consumer.go:89.2,89.14 1 1
github.com/cuctemeh/rstream-consumer/internal/consumer/consumer.go:89.14,92.3 1 0
github.com/cuctemeh/rstream-consumer/internal/consumer/consumer.go:95.2,96.16 2 1
github.com/cuctemeh/rstream-consumer/internal/consumer/consumer.go:96.16,98.3 1 0
github.com/cuctemeh/rstream-consumer/internal/consumer/consumer.go:101.2,101.52 1 1
github.com/cuctemeh/rstream-consumer/internal/consumer/consumer.go:101.52,103.21 2 1
github.com/cuctemeh/rstream-consumer/internal/consumer/consumer.go:103.21,110.4 1 0
github.com/cuctemeh/rstream-consumer/internal/consumer/consumer.go:114.2,132.16 6 1
github.com/cuctemeh/rstream-consumer/internal/consumer/consumer.go:132.16,134.3 1 0
github.com/cuctemeh/rstream-consumer/internal/consumer/consumer.go:136.2,141.12 2 1
github.com/cuctemeh/rstream-consumer/internal/monitor/monitor.go:25.12,33.2 1 0
github.com/cuctemeh/rstream-consumer/internal/monitor/monitor.go:35.50,39.6 3 0
github.com/cuctemeh/rstream-consumer/internal/monitor/monitor.go:39.6,40.10 1 0
github.com/cuctemeh/rstream-consumer/internal/monitor/monitor.go:41.21,42.20 1 0
github.com/cuctemeh/rstream-consumer/internal/monitor/monitor.go:43.19,45.18 2 0
github.com/cuctemeh/rstream-consumer/internal/monitor/monitor.go:45.18,47.5 1 0
github.com/cuctemeh/rstream-consumer/internal/monitor/monitor.go:48.4,57.5 3 0
github.com/cuctemeh/rstream-consumer/internal/task/runner.go:22.30,29.2 2 0
github.com/cuctemeh/rstream-consumer/internal/task/runner.go:35.64,36.24 1 0
github.com/cuctemeh/rstream-consumer/internal/task/runner.go:36.24,38.3 1 0
github.com/cuctemeh/rstream-consumer/internal/task/runner.go:40.2,40.27 1 0
github.com/cuctemeh/rstream-consumer/internal/task/runner.go:40.27,42.47 2 0
github.com/cuctemeh/rstream-consumer/internal/task/runner.go:42.47,46.18 3 0
github.com/cuctemeh/rstream-consumer/internal/task/runner.go:46.18,48.5 1 0
github.com/cuctemeh/rstream-consumer/internal/task/runner.go:54.50,55.27 1 0
github.com/cuctemeh/rstream-consumer/internal/task/runner.go:55.27,59.13 3 0
github.com/cuctemeh/rstream-consumer/internal/task/runner.go:59.13,60.11 1 0
github.com/cuctemeh/rstream-consumer/internal/task/runner.go:61.24,61.24 0 0
github.com/cuctemeh/rstream-consumer/internal/task/runner.go:62.18,62.18 0 0
github.com/cuctemeh/rstream-consumer/internal/task/runner.go:63.22,64.33 1 0
github.com/cuctemeh/rstream-consumer/internal/task/runner.go:69.2,72.16 3 0
github.com/cuctemeh/rstream-consumer/internal/task/runner.go:72.16,74.3 1 0
github.com/cuctemeh/rstream-consumer/internal/task/runner.go:76.2,76.12 1 0
github.com/cuctemeh/rstream-consumer/internal/task/runner.go:79.45,82.13 2 0
github.com/cuctemeh/rstream-consumer/internal/task/runner.go:82.13,84.3 1 0
github.com/cuctemeh/rstream-consumer/internal/task/runner.go:88.27,90.2 1 0
github.com/cuctemeh/rstream-consumer/main.go:10.13,12.16 2 0
github.com/cuctemeh/rstream-consumer/main.go:12.16,14.3 1 0
github.com/cuctemeh/rstream-consumer/main.go:16.2,17.12 2 0
github.com/cuctemeh/rstream-consumer/internal/consumer/consumer.go:32.13,41.2 1 0
github.com/cuctemeh/rstream-consumer/internal/consumer/consumer.go:43.51,47.31 3 0
github.com/cuctemeh/rstream-consumer/internal/consumer/consumer.go:47.31,48.7 1 0
github.com/cuctemeh/rstream-consumer/internal/consumer/consumer.go:48.7,50.25 2 0
github.com/cuctemeh/rstream-consumer/internal/consumer/consumer.go:50.25,53.5 2 0
github.com/cuctemeh/rstream-consumer/internal/consumer/consumer.go:54.4,54.16 1 0
github.com/cuctemeh/rstream-consumer/internal/consumer/consumer.go:58.2,58.6 1 0
github.com/cuctemeh/rstream-consumer/internal/consumer/consumer.go:58.6,59.10 1 0
github.com/cuctemeh/rstream-consumer/internal/consumer/consumer.go:60.21,62.58 2 0
github.com/cuctemeh/rstream-consumer/internal/consumer/consumer.go:63.26,65.62 2 0
github.com/cuctemeh/rstream-consumer/internal/consumer/consumer.go:66.23,68.21 2 0
github.com/cuctemeh/rstream-consumer/internal/consumer/consumer.go:68.21,70.5 1 0
github.com/cuctemeh/rstream-consumer/internal/consumer/consumer.go:75.93,78.16 3 0
github.com/cuctemeh/rstream-consumer/internal/consumer/consumer.go:78.16,80.3 1 0
github.com/cuctemeh/rstream-consumer/internal/consumer/consumer.go:82.2,86.16 3 0
github.com/cuctemeh/rstream-consumer/internal/consumer/consumer.go:86.16,88.3 1 0
github.com/cuctemeh/rstream-consumer/internal/consumer/consumer.go:89.2,89.14 1 0
github.com/cuctemeh/rstream-consumer/internal/consumer/consumer.go:89.14,92.3 1 0
github.com/cuctemeh/rstream-consumer/internal/consumer/consumer.go:95.2,96.16 2 0
github.com/cuctemeh/rstream-consumer/internal/consumer/consumer.go:96.16,98.3 1 0
github.com/cuctemeh/rstream-consumer/internal/consumer/consumer.go:101.2,101.52 1 0
github.com/cuctemeh/rstream-consumer/internal/consumer/consumer.go:101.52,103.21 2 0
github.com/cuctemeh/rstream-consumer/internal/consumer/consumer.go:103.21,110.4 1 0
github.com/cuctemeh/rstream-consumer/internal/consumer/consumer.go:114.2,132.16 6 0
github.com/cuctemeh/rstream-consumer/internal/consumer/consumer.go:132.16,134.3 1 0
github.com/cuctemeh/rstream-consumer/internal/consumer/consumer.go:136.2,141.12 2 0
github.com/cuctemeh/rstream-consumer/internal/monitor/monitor.go:25.12,33.2 1 1
github.com/cuctemeh/rstream-consumer/internal/monitor/monitor.go:35.50,39.6 3 1
github.com/cuctemeh/rstream-consumer/internal/monitor/monitor.go:39.6,40.10 1 1
github.com/cuctemeh/rstream-consumer/internal/monitor/monitor.go:41.21,42.20 1 1
github.com/cuctemeh/rstream-consumer/internal/monitor/monitor.go:43.19,45.18 2 1
github.com/cuctemeh/rstream-consumer/internal/monitor/monitor.go:45.18,47.5 1 0
github.com/cuctemeh/rstream-consumer/internal/monitor/monitor.go:48.4,57.5 3 1
github.com/cuctemeh/rstream-consumer/internal/task/runner.go:22.30,29.2 2 0
github.com/cuctemeh/rstream-consumer/internal/task/runner.go:35.64,36.24 1 0
github.com/cuctemeh/rstream-consumer/internal/task/runner.go:36.24,38.3 1 0
github.com/cuctemeh/rstream-consumer/internal/task/runner.go:40.2,40.27 1 0
github.com/cuctemeh/rstream-consumer/internal/task/runner.go:40.27,42.47 2 0
github.com/cuctemeh/rstream-consumer/internal/task/runner.go:42.47,46.18 3 0
github.com/cuctemeh/rstream-consumer/internal/task/runner.go:46.18,48.5 1 0
github.com/cuctemeh/rstream-consumer/internal/task/runner.go:54.50,55.27 1 0
github.com/cuctemeh/rstream-consumer/internal/task/runner.go:55.27,59.13 3 0
github.com/cuctemeh/rstream-consumer/internal/task/runner.go:59.13,60.11 1 0
github.com/cuctemeh/rstream-consumer/internal/task/runner.go:61.24,61.24 0 0
github.com/cuctemeh/rstream-consumer/internal/task/runner.go:62.18,62.18 0 0
github.com/cuctemeh/rstream-consumer/internal/task/runner.go:63.22,64.33 1 0
github.com/cuctemeh/rstream-consumer/internal/task/runner.go:69.2,72.16 3 0
github.com/cuctemeh/rstream-consumer/internal/task/runner.go:72.16,74.3 1 0
github.com/cuctemeh/rstream-consumer/internal/task/runner.go:76.2,76.12 1 0
github.com/cuctemeh/rstream-consumer/internal/task/runner.go:79.45,82.13 2 0
github.com/cuctemeh/rstream-consumer/internal/task/runner.go:82.13,84.3 1 0
github.com/cuctemeh/rstream-consumer/internal/task/runner.go:88.27,90.2 1 0
